mode: set
github.com/danoviedo91/todo_buff/actions/app.go:37.25,38.16 1 1
github.com/danoviedo91/todo_buff/actions/app.go:78.2,78.12 1 1
github.com/danoviedo91/todo_buff/actions/app.go:38.16,76.3 17 1
github.com/danoviedo91/todo_buff/actions/app.go:85.44,87.84 2 1
github.com/danoviedo91/todo_buff/actions/app.go:90.2,90.23 1 1
github.com/danoviedo91/todo_buff/actions/app.go:87.84,89.3 1 0
github.com/danoviedo91/todo_buff/actions/app.go:98.40,103.2 1 1
github.com/danoviedo91/todo_buff/actions/render.go:13.13,28.29 1 1
github.com/danoviedo91/todo_buff/actions/render.go:28.29,34.5 2 1
github.com/danoviedo91/todo_buff/actions/todos.go:15.36,23.38 3 1
github.com/danoviedo91/todo_buff/actions/todos.go:29.2,29.38 1 1
github.com/danoviedo91/todo_buff/actions/todos.go:49.2,51.20 2 1
github.com/danoviedo91/todo_buff/actions/todos.go:67.2,71.44 4 1
github.com/danoviedo91/todo_buff/actions/todos.go:23.38,25.3 1 0
github.com/danoviedo91/todo_buff/actions/todos.go:29.38,31.34 1 1
github.com/danoviedo91/todo_buff/actions/todos.go:31.34,32.33 1 1
github.com/danoviedo91/todo_buff/actions/todos.go:32.33,35.5 2 1
github.com/danoviedo91/todo_buff/actions/todos.go:38.8,38.47 1 1
github.com/danoviedo91/todo_buff/actions/todos.go:38.47,40.34 1 0
github.com/danoviedo91/todo_buff/actions/todos.go:40.34,41.34 1 0
github.com/danoviedo91/todo_buff/actions/todos.go:41.34,44.5 2 0
github.com/danoviedo91/todo_buff/actions/todos.go:51.20,55.34 2 1
github.com/danoviedo91/todo_buff/actions/todos.go:55.34,57.4 1 0
github.com/danoviedo91/todo_buff/actions/todos.go:57.9,57.43 1 1
github.com/danoviedo91/todo_buff/actions/todos.go:57.43,59.4 1 0
github.com/danoviedo91/todo_buff/actions/todos.go:59.9,61.4 1 1
github.com/danoviedo91/todo_buff/actions/todos.go:76.39,84.2 3 1
github.com/danoviedo91/todo_buff/actions/todos.go:87.42,92.38 3 1
github.com/danoviedo91/todo_buff/actions/todos.go:97.2,99.16 2 1
github.com/danoviedo91/todo_buff/actions/todos.go:103.2,103.20 1 1
github.com/danoviedo91/todo_buff/actions/todos.go:113.2,113.41 1 1
github.com/danoviedo91/todo_buff/actions/todos.go:119.2,119.54 1 1
github.com/danoviedo91/todo_buff/actions/todos.go:92.38,94.3 1 0
github.com/danoviedo91/todo_buff/actions/todos.go:99.16,101.3 1 0
github.com/danoviedo91/todo_buff/actions/todos.go:103.20,108.3 3 1
github.com/danoviedo91/todo_buff/actions/todos.go:113.41,115.3 1 0
github.com/danoviedo91/todo_buff/actions/todos.go:124.42,129.16 3 1
github.com/danoviedo91/todo_buff/actions/todos.go:135.2,135.58 1 1
github.com/danoviedo91/todo_buff/actions/todos.go:141.2,143.43 2 1
github.com/danoviedo91/todo_buff/actions/todos.go:149.2,149.39 1 1
github.com/danoviedo91/todo_buff/actions/todos.go:129.16,131.3 1 0
github.com/danoviedo91/todo_buff/actions/todos.go:135.58,137.3 1 0
github.com/danoviedo91/todo_buff/actions/todos.go:143.43,147.3 1 0
github.com/danoviedo91/todo_buff/actions/todos.go:154.44,159.59 3 1
github.com/danoviedo91/todo_buff/actions/todos.go:165.2,167.41 2 1
github.com/danoviedo91/todo_buff/actions/todos.go:173.2,175.18 2 1
github.com/danoviedo91/todo_buff/actions/todos.go:181.2,181.39 1 1
github.com/danoviedo91/todo_buff/actions/todos.go:159.59,161.3 1 0
github.com/danoviedo91/todo_buff/actions/todos.go:167.41,169.3 1 0
github.com/danoviedo91/todo_buff/actions/todos.go:175.18,179.3 1 0
github.com/danoviedo91/todo_buff/actions/todos.go:186.40,192.59 3 1
github.com/danoviedo91/todo_buff/actions/todos.go:198.2,201.48 3 1
github.com/danoviedo91/todo_buff/actions/todos.go:192.59,194.3 1 0
github.com/danoviedo91/todo_buff/actions/todos.go:205.42,211.38 3 1
github.com/danoviedo91/todo_buff/actions/todos.go:216.2,218.16 2 1
github.com/danoviedo91/todo_buff/actions/todos.go:222.2,222.20 1 1
github.com/danoviedo91/todo_buff/actions/todos.go:230.2,230.41 1 1
github.com/danoviedo91/todo_buff/actions/todos.go:234.2,234.54 1 1
github.com/danoviedo91/todo_buff/actions/todos.go:211.38,213.3 1 0
github.com/danoviedo91/todo_buff/actions/todos.go:218.16,220.3 1 0
github.com/danoviedo91/todo_buff/actions/todos.go:222.20,228.3 4 1
github.com/danoviedo91/todo_buff/actions/todos.go:230.41,232.3 1 0
github.com/danoviedo91/todo_buff/actions/todos.go:238.40,244.59 3 1
github.com/danoviedo91/todo_buff/actions/todos.go:250.2,252.48 2 1
github.com/danoviedo91/todo_buff/actions/todos.go:244.59,246.3 1 0
github.com/danoviedo91/todo_buff/models/models.go:14.13,18.16 4 1
github.com/danoviedo91/todo_buff/models/models.go:21.2,21.34 1 1
github.com/danoviedo91/todo_buff/models/models.go:18.16,20.3 1 0
github.com/danoviedo91/todo_buff/models/todo.go:26.31,29.2 2 0
github.com/danoviedo91/todo_buff/models/todo.go:35.33,38.2 2 0
github.com/danoviedo91/todo_buff/models/todo.go:42.71,44.2 1 0
github.com/danoviedo91/todo_buff/models/todo.go:48.77,53.2 1 0
github.com/danoviedo91/todo_buff/models/todo.go:57.77,62.2 1 0
github.com/danoviedo91/todo_buff/models/todo.go:67.39,70.2 2 1
github.com/danoviedo91/todo_buff/models/todo.go:73.37,75.2 1 1
