mode: set
github.com/danoviedo91/todo_buff/actions/app.go:37.25,38.16 1 1
github.com/danoviedo91/todo_buff/actions/app.go:86.2,86.12 1 1
github.com/danoviedo91/todo_buff/actions/app.go:38.16,84.3 25 1
github.com/danoviedo91/todo_buff/actions/app.go:93.44,95.84 2 1
github.com/danoviedo91/todo_buff/actions/app.go:98.2,98.23 1 1
github.com/danoviedo91/todo_buff/actions/app.go:95.84,97.3 1 0
github.com/danoviedo91/todo_buff/actions/app.go:106.40,111.2 1 1
github.com/danoviedo91/todo_buff/actions/auth.go:16.39,19.2 2 1
github.com/danoviedo91/todo_buff/actions/auth.go:22.42,24.34 2 1
github.com/danoviedo91/todo_buff/actions/auth.go:28.2,34.22 3 1
github.com/danoviedo91/todo_buff/actions/auth.go:42.2,42.16 1 1
github.com/danoviedo91/todo_buff/actions/auth.go:51.2,52.16 2 1
github.com/danoviedo91/todo_buff/actions/auth.go:55.2,59.62 4 1
github.com/danoviedo91/todo_buff/actions/auth.go:63.2,63.37 1 1
github.com/danoviedo91/todo_buff/actions/auth.go:24.34,26.3 1 0
github.com/danoviedo91/todo_buff/actions/auth.go:34.22,40.3 5 1
github.com/danoviedo91/todo_buff/actions/auth.go:42.16,43.41 1 1
github.com/danoviedo91/todo_buff/actions/auth.go:47.3,47.31 1 0
github.com/danoviedo91/todo_buff/actions/auth.go:43.41,46.4 1 1
github.com/danoviedo91/todo_buff/actions/auth.go:52.16,54.3 1 1
github.com/danoviedo91/todo_buff/actions/auth.go:59.62,61.3 1 1
github.com/danoviedo91/todo_buff/actions/auth.go:67.43,71.2 3 0
github.com/danoviedo91/todo_buff/actions/render.go:13.13,28.29 1 1
github.com/danoviedo91/todo_buff/actions/render.go:28.29,34.5 2 1
github.com/danoviedo91/todo_buff/actions/todos.go:16.36,24.47 3 1
github.com/danoviedo91/todo_buff/actions/todos.go:28.2,30.67 2 1
github.com/danoviedo91/todo_buff/actions/todos.go:36.2,36.38 1 1
github.com/danoviedo91/todo_buff/actions/todos.go:56.2,58.20 2 1
github.com/danoviedo91/todo_buff/actions/todos.go:74.2,78.44 4 1
github.com/danoviedo91/todo_buff/actions/todos.go:24.47,26.3 1 1
github.com/danoviedo91/todo_buff/actions/todos.go:30.67,32.3 1 0
github.com/danoviedo91/todo_buff/actions/todos.go:36.38,38.34 1 1
github.com/danoviedo91/todo_buff/actions/todos.go:38.34,39.33 1 1
github.com/danoviedo91/todo_buff/actions/todos.go:39.33,42.5 2 1
github.com/danoviedo91/todo_buff/actions/todos.go:45.8,45.47 1 1
github.com/danoviedo91/todo_buff/actions/todos.go:45.47,47.34 1 0
github.com/danoviedo91/todo_buff/actions/todos.go:47.34,48.34 1 0
github.com/danoviedo91/todo_buff/actions/todos.go:48.34,51.5 2 0
github.com/danoviedo91/todo_buff/actions/todos.go:58.20,62.34 2 1
github.com/danoviedo91/todo_buff/actions/todos.go:62.34,64.4 1 0
github.com/danoviedo91/todo_buff/actions/todos.go:64.9,64.43 1 1
github.com/danoviedo91/todo_buff/actions/todos.go:64.43,66.4 1 0
github.com/danoviedo91/todo_buff/actions/todos.go:66.9,68.4 1 1
github.com/danoviedo91/todo_buff/actions/todos.go:83.39,91.2 3 1
github.com/danoviedo91/todo_buff/actions/todos.go:94.42,99.38 3 1
github.com/danoviedo91/todo_buff/actions/todos.go:103.2,108.16 3 1
github.com/danoviedo91/todo_buff/actions/todos.go:112.2,112.20 1 1
github.com/danoviedo91/todo_buff/actions/todos.go:122.2,122.41 1 1
github.com/danoviedo91/todo_buff/actions/todos.go:128.2,128.54 1 1
github.com/danoviedo91/todo_buff/actions/todos.go:99.38,101.3 1 0
github.com/danoviedo91/todo_buff/actions/todos.go:108.16,110.3 1 0
github.com/danoviedo91/todo_buff/actions/todos.go:112.20,117.3 3 1
github.com/danoviedo91/todo_buff/actions/todos.go:122.41,124.3 1 0
github.com/danoviedo91/todo_buff/actions/todos.go:133.42,143.88 4 1
github.com/danoviedo91/todo_buff/actions/todos.go:149.2,149.42 1 1
github.com/danoviedo91/todo_buff/actions/todos.go:155.2,157.43 2 1
github.com/danoviedo91/todo_buff/actions/todos.go:163.2,163.39 1 1
github.com/danoviedo91/todo_buff/actions/todos.go:143.88,145.3 1 0
github.com/danoviedo91/todo_buff/actions/todos.go:149.42,151.3 1 0
github.com/danoviedo91/todo_buff/actions/todos.go:157.43,161.3 1 0
github.com/danoviedo91/todo_buff/actions/todos.go:168.44,173.59 3 1
github.com/danoviedo91/todo_buff/actions/todos.go:179.2,181.41 2 1
github.com/danoviedo91/todo_buff/actions/todos.go:187.2,189.18 2 1
github.com/danoviedo91/todo_buff/actions/todos.go:195.2,195.39 1 1
github.com/danoviedo91/todo_buff/actions/todos.go:173.59,175.3 1 0
github.com/danoviedo91/todo_buff/actions/todos.go:181.41,183.3 1 0
github.com/danoviedo91/todo_buff/actions/todos.go:189.18,193.3 1 0
github.com/danoviedo91/todo_buff/actions/todos.go:200.40,208.88 4 1
github.com/danoviedo91/todo_buff/actions/todos.go:212.2,215.48 3 1
github.com/danoviedo91/todo_buff/actions/todos.go:208.88,210.3 1 0
github.com/danoviedo91/todo_buff/actions/todos.go:219.42,229.83 4 1
github.com/danoviedo91/todo_buff/actions/todos.go:235.2,235.38 1 1
github.com/danoviedo91/todo_buff/actions/todos.go:239.2,244.16 3 1
github.com/danoviedo91/todo_buff/actions/todos.go:248.2,248.20 1 1
github.com/danoviedo91/todo_buff/actions/todos.go:258.2,258.41 1 1
github.com/danoviedo91/todo_buff/actions/todos.go:262.2,262.54 1 1
github.com/danoviedo91/todo_buff/actions/todos.go:229.83,231.3 1 0
github.com/danoviedo91/todo_buff/actions/todos.go:235.38,237.3 1 0
github.com/danoviedo91/todo_buff/actions/todos.go:244.16,246.3 1 0
github.com/danoviedo91/todo_buff/actions/todos.go:248.20,254.3 4 1
github.com/danoviedo91/todo_buff/actions/todos.go:258.41,260.3 1 0
github.com/danoviedo91/todo_buff/actions/todos.go:266.40,274.88 4 1
github.com/danoviedo91/todo_buff/actions/todos.go:278.2,280.48 2 1
github.com/danoviedo91/todo_buff/actions/todos.go:274.88,276.3 1 1
github.com/danoviedo91/todo_buff/actions/users.go:10.40,14.2 3 1
github.com/danoviedo91/todo_buff/actions/users.go:17.43,19.34 2 1
github.com/danoviedo91/todo_buff/actions/users.go:23.2,25.16 3 1
github.com/danoviedo91/todo_buff/actions/users.go:29.2,29.20 1 1
github.com/danoviedo91/todo_buff/actions/users.go:35.2,38.29 3 1
github.com/danoviedo91/todo_buff/actions/users.go:19.34,21.3 1 0
github.com/danoviedo91/todo_buff/actions/users.go:25.16,27.3 1 0
github.com/danoviedo91/todo_buff/actions/users.go:29.20,33.3 3 0
github.com/danoviedo91/todo_buff/actions/users.go:43.59,44.39 1 1
github.com/danoviedo91/todo_buff/actions/users.go:44.39,45.60 1 1
github.com/danoviedo91/todo_buff/actions/users.go:54.3,54.17 1 1
github.com/danoviedo91/todo_buff/actions/users.go:45.60,49.18 4 1
github.com/danoviedo91/todo_buff/actions/users.go:52.4,52.28 1 1
github.com/danoviedo91/todo_buff/actions/users.go:49.18,51.5 1 0
github.com/danoviedo91/todo_buff/actions/users.go:59.54,60.39 1 1
github.com/danoviedo91/todo_buff/actions/users.go:60.39,61.60 1 1
github.com/danoviedo91/todo_buff/actions/users.go:72.3,72.17 1 1
github.com/danoviedo91/todo_buff/actions/users.go:61.60,65.18 3 1
github.com/danoviedo91/todo_buff/actions/users.go:69.4,70.31 2 1
github.com/danoviedo91/todo_buff/actions/users.go:65.18,67.5 1 0
github.com/danoviedo91/todo_buff/models/models.go:14.13,18.16 4 1
github.com/danoviedo91/todo_buff/models/models.go:21.2,21.34 1 1
github.com/danoviedo91/todo_buff/models/models.go:18.16,20.3 1 0
github.com/danoviedo91/todo_buff/models/todo.go:27.31,30.2 2 0
github.com/danoviedo91/todo_buff/models/todo.go:36.33,39.2 2 0
github.com/danoviedo91/todo_buff/models/todo.go:43.71,45.2 1 0
github.com/danoviedo91/todo_buff/models/todo.go:49.77,54.2 1 0
github.com/danoviedo91/todo_buff/models/todo.go:58.77,63.2 1 0
github.com/danoviedo91/todo_buff/models/todo.go:68.39,71.2 2 0
github.com/danoviedo91/todo_buff/models/todo.go:74.37,76.2 1 0
github.com/danoviedo91/todo_buff/models/user.go:32.69,35.16 3 1
github.com/danoviedo91/todo_buff/models/user.go:38.2,39.32 2 1
github.com/danoviedo91/todo_buff/models/user.go:35.16,37.3 1 0
github.com/danoviedo91/todo_buff/models/user.go:43.31,46.2 2 0
github.com/danoviedo91/todo_buff/models/user.go:52.32,55.2 2 0
github.com/danoviedo91/todo_buff/models/user.go:59.71,69.20 2 1
github.com/danoviedo91/todo_buff/models/user.go:69.20,72.25 3 1
github.com/danoviedo91/todo_buff/models/user.go:75.5,76.19 2 1
github.com/danoviedo91/todo_buff/models/user.go:79.5,79.14 1 1
github.com/danoviedo91/todo_buff/models/user.go:72.25,74.6 1 0
github.com/danoviedo91/todo_buff/models/user.go:76.19,78.6 1 0
github.com/danoviedo91/todo_buff/models/user.go:87.77,93.2 2 1
github.com/danoviedo91/todo_buff/models/user.go:97.77,99.2 1 0
